<?xml version="1.0" encoding="UTF-8"?>
<!-- Generated by org.testng.reporters.JUnitXMLReporter -->
<testsuite hostname="admin-PC" name="Regression-Mac-Chrome" tests="5" failures="0" timestamp="22 Oct 2017 21:51:04 GMT" time="66.069" errors="0">
  <testcase name="assertVehicleInfo" time="10.705" classname="com.identity.tests.VehicleDetailCheck"/>
  <testcase name="assertVehicleInfo" time="10.114" classname="com.identity.tests.VehicleDetailCheck"/>
  <testcase name="assertVehicleInfo" time="10.047" classname="com.identity.tests.VehicleDetailCheck"/>
  <testcase name="assertVehicleInfo" time="10.09" classname="com.identity.tests.VehicleDetailCheck"/>
  <testcase name="assertVehicleInfo" time="10.1" classname="com.identity.tests.VehicleDetailCheck"/>
</testsuite> <!-- Regression-Mac-Chrome -->
