<?xml version="1.0" encoding="UTF-8"?>
<!-- Generated by org.testng.reporters.JUnitXMLReporter -->
<testsuite hostname="admin-PC" name="Default test" tests="5" failures="0" timestamp="22 Oct 2017 21:53:50 GMT" time="64.375" errors="0">
  <testcase name="assertVehicleInfo" time="10.615" classname="com.identity.tests.VehicleDetailCheck"/>
  <testcase name="assertVehicleInfo" time="10.101" classname="com.identity.tests.VehicleDetailCheck"/>
  <testcase name="assertVehicleInfo" time="10.039" classname="com.identity.tests.VehicleDetailCheck"/>
  <testcase name="assertVehicleInfo" time="10.078" classname="com.identity.tests.VehicleDetailCheck"/>
  <testcase name="assertVehicleInfo" time="10.075" classname="com.identity.tests.VehicleDetailCheck"/>
</testsuite> <!-- Default test -->
