<?xml version="1.0" encoding="UTF-8"?>
<testng-results skipped="0" failed="0" total="5" passed="5">
  <reporter-output>
  </reporter-output>
  <suite name="Default suite" duration-ms="64375" started-at="2017-10-22T22:52:46Z" finished-at="2017-10-22T22:53:50Z">
    <groups>
    </groups>
    <test name="Default test" duration-ms="64375" started-at="2017-10-22T22:52:46Z" finished-at="2017-10-22T22:53:50Z">
      <class name="com.identity.tests.VehicleDetailCheck">
        <test-method status="PASS" signature="setPropertiesForAll()[pri:0, instance:com.identity.tests.VehicleDetailCheck@6a4f787b]" name="setPropertiesForAll" is-config="true" duration-ms="28" started-at="2017-10-22T22:52:45Z" finished-at="2017-10-22T22:52:46Z">
        </test-method> <!-- setPropertiesForAll -->
        <test-method status="PASS" signature="setUp()[pri:0, instance:com.identity.tests.VehicleDetailCheck@6a4f787b]" name="setUp" is-config="true" duration-ms="10793" started-at="2017-10-22T22:52:46Z" finished-at="2017-10-22T22:52:56Z">
        </test-method> <!-- setUp -->
        <test-method status="PASS" signature="assertVehicleInfo(java.lang.String, java.lang.String, java.lang.String)[pri:0, instance:com.identity.tests.VehicleDetailCheck@6a4f787b]" name="assertVehicleInfo" duration-ms="10615" started-at="2017-10-22T22:52:58Z" data-provider="vehicleData" finished-at="2017-10-22T22:53:08Z">
          <params>
            <param index="0">
              <value>
                <![CDATA[FB04VWF]]>
              </value>
            </param>
            <param index="1">
              <value>
                <![CDATA[TOYOTA]]>
              </value>
            </param>
            <param index="2">
              <value>
                <![CDATA[GOLD]]>
              </value>
            </param>
          </params>
        </test-method> <!-- assertVehicleInfo -->
        <test-method status="PASS" signature="assertVehicleInfo(java.lang.String, java.lang.String, java.lang.String)[pri:0, instance:com.identity.tests.VehicleDetailCheck@6a4f787b]" name="assertVehicleInfo" duration-ms="10101" started-at="2017-10-22T22:53:08Z" data-provider="vehicleData" finished-at="2017-10-22T22:53:19Z">
          <params>
            <param index="0">
              <value>
                <![CDATA[FB04 VWV]]>
              </value>
            </param>
            <param index="1">
              <value>
                <![CDATA[VOLKSWAGEN]]>
              </value>
            </param>
            <param index="2">
              <value>
                <![CDATA[BLACK]]>
              </value>
            </param>
          </params>
        </test-method> <!-- assertVehicleInfo -->
        <test-method status="PASS" signature="assertVehicleInfo(java.lang.String, java.lang.String, java.lang.String)[pri:0, instance:com.identity.tests.VehicleDetailCheck@6a4f787b]" name="assertVehicleInfo" duration-ms="10039" started-at="2017-10-22T22:53:19Z" data-provider="vehicleData" finished-at="2017-10-22T22:53:29Z">
          <params>
            <param index="0">
              <value is-null="true"/>
            </param>
            <param index="1">
              <value is-null="true"/>
            </param>
            <param index="2">
              <value is-null="true"/>
            </param>
          </params>
        </test-method> <!-- assertVehicleInfo -->
        <test-method status="PASS" signature="assertVehicleInfo(java.lang.String, java.lang.String, java.lang.String)[pri:0, instance:com.identity.tests.VehicleDetailCheck@6a4f787b]" name="assertVehicleInfo" duration-ms="10078" started-at="2017-10-22T22:53:29Z" data-provider="vehicleData" finished-at="2017-10-22T22:53:39Z">
          <params>
            <param index="0">
              <value is-null="true"/>
            </param>
            <param index="1">
              <value is-null="true"/>
            </param>
            <param index="2">
              <value is-null="true"/>
            </param>
          </params>
        </test-method> <!-- assertVehicleInfo -->
        <test-method status="PASS" signature="assertVehicleInfo(java.lang.String, java.lang.String, java.lang.String)[pri:0, instance:com.identity.tests.VehicleDetailCheck@6a4f787b]" name="assertVehicleInfo" duration-ms="10075" started-at="2017-10-22T22:53:39Z" data-provider="vehicleData" finished-at="2017-10-22T22:53:49Z">
          <params>
            <param index="0">
              <value is-null="true"/>
            </param>
            <param index="1">
              <value is-null="true"/>
            </param>
            <param index="2">
              <value is-null="true"/>
            </param>
          </params>
        </test-method> <!-- assertVehicleInfo -->
        <test-method status="PASS" signature="tearDown()[pri:0, instance:com.identity.tests.VehicleDetailCheck@6a4f787b]" name="tearDown" is-config="true" duration-ms="1119" started-at="2017-10-22T22:53:49Z" finished-at="2017-10-22T22:53:50Z">
        </test-method> <!-- tearDown -->
      </class> <!-- com.identity.tests.VehicleDetailCheck -->
    </test> <!-- Default test -->
  </suite> <!-- Default suite -->
</testng-results>
