<?xml version="1.0" encoding="UTF-8"?>
<!-- Generated by org.testng.reporters.JUnitXMLReporter -->
<testsuite hostname="admin-PC" name="Regression-Chrome" tests="2" failures="0" timestamp="22 Oct 2017 22:06:10 GMT" time="40.974" errors="0">
  <testcase name="assertVehicleInfo" time="18.317" classname="com.identity.tests.VehicleDetailVerificationTest"/>
  <testcase name="assertVehicleInfo" time="15.181" classname="com.identity.tests.VehicleDetailVerificationTest"/>
</testsuite> <!-- Regression-Chrome -->
